17-Dec-2018 00:52:31.921 信息 [http-nio-80-exec-2] org.apache.coyote.http11.Http11Processor.service Error parsing HTTP request header
 Note: further occurrences of HTTP header parsing errors will be logged at DEBUG level.
 java.lang.IllegalArgumentException: Invalid character found in method name. HTTP method names must be tokens
	at org.apache.coyote.http11.Http11InputBuffer.parseRequestLine(Http11InputBuffer.java:428)
	at org.apache.coyote.http11.Http11Processor.service(Http11Processor.java:684)
	at org.apache.coyote.AbstractProcessorLight.process(AbstractProcessorLight.java:66)
	at org.apache.coyote.AbstractProtocol$ConnectionHandler.process(AbstractProtocol.java:806)
	at org.apache.tomcat.util.net.NioEndpoint$SocketProcessor.doRun(NioEndpoint.java:1498)
	at org.apache.tomcat.util.net.SocketProcessorBase.run(SocketProcessorBase.java:49)
	at java.util.concurrent.ThreadPoolExecutor.runWorker(ThreadPoolExecutor.java:1149)
	at java.util.concurrent.ThreadPoolExecutor$Worker.run(ThreadPoolExecutor.java:624)
	at org.apache.tomcat.util.threads.TaskThread$WrappingRunnable.run(TaskThread.java:61)
	at java.lang.Thread.run(Thread.java:748)

17-Dec-2018 09:50:32.010 警告 [Thread-3552] org.apache.catalina.servlets.CGIServlet$CGIRunner.sendToLog stderr line: [PHP Warning:  mysql_connect(): Headers and client library minor version mismatch. Headers:50556 Library:50637 in /data/wwwroot/xiaodou_web/WEBX/wechat/wtest.php on line 9]
17-Dec-2018 09:50:32.326 警告 [3638] org.apache.catalina.servlets.CGIServlet$CGIRunner.sendToLog Received [1] lines on stderr
17-Dec-2018 12:27:42.321 警告 [3640] org.apache.catalina.servlets.CGIServlet$CGIRunner.sendToLog stderr line: [PHP Warning:  mysql_connect(): Headers and client library minor version mismatch. Headers:50556 Library:50637 in /data/wwwroot/xiaodou_web/WEBX/msggetp.php on line 2]
17-Dec-2018 12:27:42.322 警告 [3640] org.apache.catalina.servlets.CGIServlet$CGIRunner.sendToLog Received [1] lines on stderr
17-Dec-2018 12:27:42.377 警告 [Thread-3554] org.apache.catalina.servlets.CGIServlet$CGIRunner.sendToLog stderr line: [PHP Warning:  mysql_connect(): Headers and client library minor version mismatch. Headers:50556 Library:50637 in /data/wwwroot/xiaodou_web/WEBX/msggetp.php on line 2]
17-Dec-2018 12:27:42.381 警告 [3641] org.apache.catalina.servlets.CGIServlet$CGIRunner.sendToLog Received [1] lines on stderr
17-Dec-2018 12:27:47.277 警告 [Thread-3555] org.apache.catalina.servlets.CGIServlet$CGIRunner.sendToLog stderr line: [PHP Warning:  mysql_connect(): Headers and client library minor version mismatch. Headers:50556 Library:50637 in /data/wwwroot/xiaodou_web/WEBX/msggetp.php on line 2]
17-Dec-2018 12:27:47.281 警告 [3642] org.apache.catalina.servlets.CGIServlet$CGIRunner.sendToLog Received [1] lines on stderr
17-Dec-2018 12:27:52.276 警告 [Thread-3556] org.apache.catalina.servlets.CGIServlet$CGIRunner.sendToLog stderr line: [PHP Warning:  mysql_connect(): Headers and client library minor version mismatch. Headers:50556 Library:50637 in /data/wwwroot/xiaodou_web/WEBX/msggetp.php on line 2]
17-Dec-2018 12:27:52.280 警告 [3643] org.apache.catalina.servlets.CGIServlet$CGIRunner.sendToLog Received [1] lines on stderr
17-Dec-2018 12:27:57.277 警告 [Thread-3557] org.apache.catalina.servlets.CGIServlet$CGIRunner.sendToLog stderr line: [PHP Warning:  mysql_connect(): Headers and client library minor version mismatch. Headers:50556 Library:50637 in /data/wwwroot/xiaodou_web/WEBX/msggetp.php on line 2]
17-Dec-2018 12:27:57.281 警告 [3644] org.apache.catalina.servlets.CGIServlet$CGIRunner.sendToLog Received [1] lines on stderr
17-Dec-2018 12:28:02.276 警告 [Thread-3558] org.apache.catalina.servlets.CGIServlet$CGIRunner.sendToLog stderr line: [PHP Warning:  mysql_connect(): Headers and client library minor version mismatch. Headers:50556 Library:50637 in /data/wwwroot/xiaodou_web/WEBX/msggetp.php on line 2]
17-Dec-2018 12:28:02.279 警告 [3645] org.apache.catalina.servlets.CGIServlet$CGIRunner.sendToLog Received [1] lines on stderr
17-Dec-2018 12:28:07.276 警告 [Thread-3559] org.apache.catalina.servlets.CGIServlet$CGIRunner.sendToLog stderr line: [PHP Warning:  mysql_connect(): Headers and client library minor version mismatch. Headers:50556 Library:50637 in /data/wwwroot/xiaodou_web/WEBX/msggetp.php on line 2]
17-Dec-2018 12:28:07.280 警告 [3646] org.apache.catalina.servlets.CGIServlet$CGIRunner.sendToLog Received [1] lines on stderr
17-Dec-2018 12:28:12.276 警告 [Thread-3560] org.apache.catalina.servlets.CGIServlet$CGIRunner.sendToLog stderr line: [PHP Warning:  mysql_connect(): Headers and client library minor version mismatch. Headers:50556 Library:50637 in /data/wwwroot/xiaodou_web/WEBX/msggetp.php on line 2]
17-Dec-2018 12:28:12.280 警告 [3647] org.apache.catalina.servlets.CGIServlet$CGIRunner.sendToLog Received [1] lines on stderr
17-Dec-2018 12:28:17.275 警告 [Thread-3561] org.apache.catalina.servlets.CGIServlet$CGIRunner.sendToLog stderr line: [PHP Warning:  mysql_connect(): Headers and client library minor version mismatch. Headers:50556 Library:50637 in /data/wwwroot/xiaodou_web/WEBX/msggetp.php on line 2]
17-Dec-2018 12:28:17.279 警告 [3648] org.apache.catalina.servlets.CGIServlet$CGIRunner.sendToLog Received [1] lines on stderr
17-Dec-2018 12:28:22.275 警告 [Thread-3562] org.apache.catalina.servlets.CGIServlet$CGIRunner.sendToLog stderr line: [PHP Warning:  mysql_connect(): Headers and client library minor version mismatch. Headers:50556 Library:50637 in /data/wwwroot/xiaodou_web/WEBX/msggetp.php on line 2]
17-Dec-2018 12:28:22.279 警告 [3649] org.apache.catalina.servlets.CGIServlet$CGIRunner.sendToLog Received [1] lines on stderr
17-Dec-2018 12:28:27.283 警告 [Thread-3563] org.apache.catalina.servlets.CGIServlet$CGIRunner.sendToLog stderr line: [PHP Warning:  mysql_connect(): Headers and client library minor version mismatch. Headers:50556 Library:50637 in /data/wwwroot/xiaodou_web/WEBX/msggetp.php on line 2]
17-Dec-2018 12:28:27.287 警告 [3650] org.apache.catalina.servlets.CGIServlet$CGIRunner.sendToLog Received [1] lines on stderr
17-Dec-2018 12:28:32.275 警告 [Thread-3564] org.apache.catalina.servlets.CGIServlet$CGIRunner.sendToLog stderr line: [PHP Warning:  mysql_connect(): Headers and client library minor version mismatch. Headers:50556 Library:50637 in /data/wwwroot/xiaodou_web/WEBX/msggetp.php on line 2]
17-Dec-2018 12:28:32.279 警告 [3651] org.apache.catalina.servlets.CGIServlet$CGIRunner.sendToLog Received [1] lines on stderr
17-Dec-2018 12:28:37.275 警告 [Thread-3565] org.apache.catalina.servlets.CGIServlet$CGIRunner.sendToLog stderr line: [PHP Warning:  mysql_connect(): Headers and client library minor version mismatch. Headers:50556 Library:50637 in /data/wwwroot/xiaodou_web/WEBX/msggetp.php on line 2]
17-Dec-2018 12:28:37.278 警告 [3652] org.apache.catalina.servlets.CGIServlet$CGIRunner.sendToLog Received [1] lines on stderr
17-Dec-2018 12:28:42.275 警告 [Thread-3566] org.apache.catalina.servlets.CGIServlet$CGIRunner.sendToLog stderr line: [PHP Warning:  mysql_connect(): Headers and client library minor version mismatch. Headers:50556 Library:50637 in /data/wwwroot/xiaodou_web/WEBX/msggetp.php on line 2]
17-Dec-2018 12:28:42.279 警告 [3653] org.apache.catalina.servlets.CGIServlet$CGIRunner.sendToLog Received [1] lines on stderr
17-Dec-2018 12:28:47.275 警告 [Thread-3567] org.apache.catalina.servlets.CGIServlet$CGIRunner.sendToLog stderr line: [PHP Warning:  mysql_connect(): Headers and client library minor version mismatch. Headers:50556 Library:50637 in /data/wwwroot/xiaodou_web/WEBX/msggetp.php on line 2]
17-Dec-2018 12:28:47.279 警告 [3654] org.apache.catalina.servlets.CGIServlet$CGIRunner.sendToLog Received [1] lines on stderr
17-Dec-2018 12:28:52.275 警告 [Thread-3568] org.apache.catalina.servlets.CGIServlet$CGIRunner.sendToLog stderr line: [PHP Warning:  mysql_connect(): Headers and client library minor version mismatch. Headers:50556 Library:50637 in /data/wwwroot/xiaodou_web/WEBX/msggetp.php on line 2]
17-Dec-2018 12:28:52.279 警告 [3655] org.apache.catalina.servlets.CGIServlet$CGIRunner.sendToLog Received [1] lines on stderr
17-Dec-2018 12:28:57.274 警告 [Thread-3569] org.apache.catalina.servlets.CGIServlet$CGIRunner.sendToLog stderr line: [PHP Warning:  mysql_connect(): Headers and client library minor version mismatch. Headers:50556 Library:50637 in /data/wwwroot/xiaodou_web/WEBX/msggetp.php on line 2]
17-Dec-2018 12:28:57.278 警告 [3656] org.apache.catalina.servlets.CGIServlet$CGIRunner.sendToLog Received [1] lines on stderr
17-Dec-2018 12:29:02.275 警告 [Thread-3570] org.apache.catalina.servlets.CGIServlet$CGIRunner.sendToLog stderr line: [PHP Warning:  mysql_connect(): Headers and client library minor version mismatch. Headers:50556 Library:50637 in /data/wwwroot/xiaodou_web/WEBX/msggetp.php on line 2]
17-Dec-2018 12:29:02.278 警告 [3657] org.apache.catalina.servlets.CGIServlet$CGIRunner.sendToLog Received [1] lines on stderr
17-Dec-2018 12:29:07.293 警告 [Thread-3571] org.apache.catalina.servlets.CGIServlet$CGIRunner.sendToLog stderr line: [PHP Warning:  mysql_connect(): Headers and client library minor version mismatch. Headers:50556 Library:50637 in /data/wwwroot/xiaodou_web/WEBX/msggetp.php on line 2]
17-Dec-2018 12:29:07.297 警告 [3658] org.apache.catalina.servlets.CGIServlet$CGIRunner.sendToLog Received [1] lines on stderr
17-Dec-2018 12:29:12.274 警告 [Thread-3572] org.apache.catalina.servlets.CGIServlet$CGIRunner.sendToLog stderr line: [PHP Warning:  mysql_connect(): Headers and client library minor version mismatch. Headers:50556 Library:50637 in /data/wwwroot/xiaodou_web/WEBX/msggetp.php on line 2]
17-Dec-2018 12:29:12.278 警告 [3659] org.apache.catalina.servlets.CGIServlet$CGIRunner.sendToLog Received [1] lines on stderr
17-Dec-2018 12:29:17.276 警告 [Thread-3573] org.apache.catalina.servlets.CGIServlet$CGIRunner.sendToLog stderr line: [PHP Warning:  mysql_connect(): Headers and client library minor version mismatch. Headers:50556 Library:50637 in /data/wwwroot/xiaodou_web/WEBX/msggetp.php on line 2]
17-Dec-2018 12:29:17.279 警告 [3660] org.apache.catalina.servlets.CGIServlet$CGIRunner.sendToLog Received [1] lines on stderr
17-Dec-2018 12:29:22.274 警告 [Thread-3574] org.apache.catalina.servlets.CGIServlet$CGIRunner.sendToLog stderr line: [PHP Warning:  mysql_connect(): Headers and client library minor version mismatch. Headers:50556 Library:50637 in /data/wwwroot/xiaodou_web/WEBX/msggetp.php on line 2]
17-Dec-2018 12:29:22.277 警告 [3661] org.apache.catalina.servlets.CGIServlet$CGIRunner.sendToLog Received [1] lines on stderr
17-Dec-2018 12:29:27.274 警告 [Thread-3575] org.apache.catalina.servlets.CGIServlet$CGIRunner.sendToLog stderr line: [PHP Warning:  mysql_connect(): Headers and client library minor version mismatch. Headers:50556 Library:50637 in /data/wwwroot/xiaodou_web/WEBX/msggetp.php on line 2]
17-Dec-2018 12:29:27.277 警告 [3662] org.apache.catalina.servlets.CGIServlet$CGIRunner.sendToLog Received [1] lines on stderr
17-Dec-2018 12:29:32.273 警告 [Thread-3576] org.apache.catalina.servlets.CGIServlet$CGIRunner.sendToLog stderr line: [PHP Warning:  mysql_connect(): Headers and client library minor version mismatch. Headers:50556 Library:50637 in /data/wwwroot/xiaodou_web/WEBX/msggetp.php on line 2]
17-Dec-2018 12:29:32.277 警告 [3663] org.apache.catalina.servlets.CGIServlet$CGIRunner.sendToLog Received [1] lines on stderr
17-Dec-2018 12:29:37.276 警告 [Thread-3577] org.apache.catalina.servlets.CGIServlet$CGIRunner.sendToLog stderr line: [PHP Warning:  mysql_connect(): Headers and client library minor version mismatch. Headers:50556 Library:50637 in /data/wwwroot/xiaodou_web/WEBX/msggetp.php on line 2]
17-Dec-2018 12:29:37.280 警告 [3664] org.apache.catalina.servlets.CGIServlet$CGIRunner.sendToLog Received [1] lines on stderr
17-Dec-2018 12:29:42.274 警告 [Thread-3578] org.apache.catalina.servlets.CGIServlet$CGIRunner.sendToLog stderr line: [PHP Warning:  mysql_connect(): Headers and client library minor version mismatch. Headers:50556 Library:50637 in /data/wwwroot/xiaodou_web/WEBX/msggetp.php on line 2]
17-Dec-2018 12:29:42.278 警告 [3665] org.apache.catalina.servlets.CGIServlet$CGIRunner.sendToLog Received [1] lines on stderr
17-Dec-2018 12:29:47.273 警告 [Thread-3579] org.apache.catalina.servlets.CGIServlet$CGIRunner.sendToLog stderr line: [PHP Warning:  mysql_connect(): Headers and client library minor version mismatch. Headers:50556 Library:50637 in /data/wwwroot/xiaodou_web/WEBX/msggetp.php on line 2]
17-Dec-2018 12:29:47.277 警告 [3666] org.apache.catalina.servlets.CGIServlet$CGIRunner.sendToLog Received [1] lines on stderr
17-Dec-2018 12:29:52.273 警告 [Thread-3580] org.apache.catalina.servlets.CGIServlet$CGIRunner.sendToLog stderr line: [PHP Warning:  mysql_connect(): Headers and client library minor version mismatch. Headers:50556 Library:50637 in /data/wwwroot/xiaodou_web/WEBX/msggetp.php on line 2]
17-Dec-2018 12:29:52.278 警告 [3667] org.apache.catalina.servlets.CGIServlet$CGIRunner.sendToLog Received [1] lines on stderr
17-Dec-2018 12:29:57.273 警告 [Thread-3581] org.apache.catalina.servlets.CGIServlet$CGIRunner.sendToLog stderr line: [PHP Warning:  mysql_connect(): Headers and client library minor version mismatch. Headers:50556 Library:50637 in /data/wwwroot/xiaodou_web/WEBX/msggetp.php on line 2]
17-Dec-2018 12:29:57.277 警告 [3668] org.apache.catalina.servlets.CGIServlet$CGIRunner.sendToLog Received [1] lines on stderr
17-Dec-2018 12:30:02.272 警告 [Thread-3582] org.apache.catalina.servlets.CGIServlet$CGIRunner.sendToLog stderr line: [PHP Warning:  mysql_connect(): Headers and client library minor version mismatch. Headers:50556 Library:50637 in /data/wwwroot/xiaodou_web/WEBX/msggetp.php on line 2]
17-Dec-2018 12:30:02.276 警告 [3669] org.apache.catalina.servlets.CGIServlet$CGIRunner.sendToLog Received [1] lines on stderr
17-Dec-2018 12:30:07.303 警告 [Thread-3583] org.apache.catalina.servlets.CGIServlet$CGIRunner.sendToLog stderr line: [PHP Warning:  mysql_connect(): Headers and client library minor version mismatch. Headers:50556 Library:50637 in /data/wwwroot/xiaodou_web/WEBX/msggetp.php on line 2]
17-Dec-2018 12:30:07.307 警告 [3670] org.apache.catalina.servlets.CGIServlet$CGIRunner.sendToLog Received [1] lines on stderr
17-Dec-2018 12:30:12.276 警告 [Thread-3584] org.apache.catalina.servlets.CGIServlet$CGIRunner.sendToLog stderr line: [PHP Warning:  mysql_connect(): Headers and client library minor version mismatch. Headers:50556 Library:50637 in /data/wwwroot/xiaodou_web/WEBX/msggetp.php on line 2]
17-Dec-2018 12:30:12.280 警告 [3671] org.apache.catalina.servlets.CGIServlet$CGIRunner.sendToLog Received [1] lines on stderr
17-Dec-2018 12:30:17.272 警告 [Thread-3585] org.apache.catalina.servlets.CGIServlet$CGIRunner.sendToLog stderr line: [PHP Warning:  mysql_connect(): Headers and client library minor version mismatch. Headers:50556 Library:50637 in /data/wwwroot/xiaodou_web/WEBX/msggetp.php on line 2]
17-Dec-2018 12:30:17.276 警告 [3672] org.apache.catalina.servlets.CGIServlet$CGIRunner.sendToLog Received [1] lines on stderr
17-Dec-2018 12:30:22.273 警告 [Thread-3586] org.apache.catalina.servlets.CGIServlet$CGIRunner.sendToLog stderr line: [PHP Warning:  mysql_connect(): Headers and client library minor version mismatch. Headers:50556 Library:50637 in /data/wwwroot/xiaodou_web/WEBX/msggetp.php on line 2]
17-Dec-2018 12:30:22.277 警告 [3673] org.apache.catalina.servlets.CGIServlet$CGIRunner.sendToLog Received [1] lines on stderr
17-Dec-2018 12:30:27.272 警告 [Thread-3587] org.apache.catalina.servlets.CGIServlet$CGIRunner.sendToLog stderr line: [PHP Warning:  mysql_connect(): Headers and client library minor version mismatch. Headers:50556 Library:50637 in /data/wwwroot/xiaodou_web/WEBX/msggetp.php on line 2]
17-Dec-2018 12:30:27.276 警告 [3674] org.apache.catalina.servlets.CGIServlet$CGIRunner.sendToLog Received [1] lines on stderr
17-Dec-2018 12:30:32.272 警告 [Thread-3588] org.apache.catalina.servlets.CGIServlet$CGIRunner.sendToLog stderr line: [PHP Warning:  mysql_connect(): Headers and client library minor version mismatch. Headers:50556 Library:50637 in /data/wwwroot/xiaodou_web/WEBX/msggetp.php on line 2]
17-Dec-2018 12:30:32.276 警告 [3675] org.apache.catalina.servlets.CGIServlet$CGIRunner.sendToLog Received [1] lines on stderr
17-Dec-2018 12:30:37.292 警告 [Thread-3589] org.apache.catalina.servlets.CGIServlet$CGIRunner.sendToLog stderr line: [PHP Warning:  mysql_connect(): Headers and client library minor version mismatch. Headers:50556 Library:50637 in /data/wwwroot/xiaodou_web/WEBX/msggetp.php on line 2]
17-Dec-2018 12:30:37.296 警告 [3676] org.apache.catalina.servlets.CGIServlet$CGIRunner.sendToLog Received [1] lines on stderr
17-Dec-2018 12:30:42.272 警告 [Thread-3590] org.apache.catalina.servlets.CGIServlet$CGIRunner.sendToLog stderr line: [PHP Warning:  mysql_connect(): Headers and client library minor version mismatch. Headers:50556 Library:50637 in /data/wwwroot/xiaodou_web/WEBX/msggetp.php on line 2]
17-Dec-2018 12:30:42.275 警告 [3677] org.apache.catalina.servlets.CGIServlet$CGIRunner.sendToLog Received [1] lines on stderr
17-Dec-2018 12:30:47.273 警告 [Thread-3591] org.apache.catalina.servlets.CGIServlet$CGIRunner.sendToLog stderr line: [PHP Warning:  mysql_connect(): Headers and client library minor version mismatch. Headers:50556 Library:50637 in /data/wwwroot/xiaodou_web/WEBX/msggetp.php on line 2]
17-Dec-2018 12:30:47.277 警告 [3678] org.apache.catalina.servlets.CGIServlet$CGIRunner.sendToLog Received [1] lines on stderr
17-Dec-2018 12:30:52.271 警告 [Thread-3592] org.apache.catalina.servlets.CGIServlet$CGIRunner.sendToLog stderr line: [PHP Warning:  mysql_connect(): Headers and client library minor version mismatch. Headers:50556 Library:50637 in /data/wwwroot/xiaodou_web/WEBX/msggetp.php on line 2]
17-Dec-2018 12:30:52.275 警告 [3679] org.apache.catalina.servlets.CGIServlet$CGIRunner.sendToLog Received [1] lines on stderr
17-Dec-2018 12:30:57.272 警告 [Thread-3593] org.apache.catalina.servlets.CGIServlet$CGIRunner.sendToLog stderr line: [PHP Warning:  mysql_connect(): Headers and client library minor version mismatch. Headers:50556 Library:50637 in /data/wwwroot/xiaodou_web/WEBX/msggetp.php on line 2]
17-Dec-2018 12:30:57.276 警告 [3680] org.apache.catalina.servlets.CGIServlet$CGIRunner.sendToLog Received [1] lines on stderr
17-Dec-2018 12:31:02.272 警告 [Thread-3594] org.apache.catalina.servlets.CGIServlet$CGIRunner.sendToLog stderr line: [PHP Warning:  mysql_connect(): Headers and client library minor version mismatch. Headers:50556 Library:50637 in /data/wwwroot/xiaodou_web/WEBX/msggetp.php on line 2]
17-Dec-2018 12:31:02.276 警告 [3681] org.apache.catalina.servlets.CGIServlet$CGIRunner.sendToLog Received [1] lines on stderr
17-Dec-2018 12:31:07.306 警告 [Thread-3595] org.apache.catalina.servlets.CGIServlet$CGIRunner.sendToLog stderr line: [PHP Warning:  mysql_connect(): Headers and client library minor version mismatch. Headers:50556 Library:50637 in /data/wwwroot/xiaodou_web/WEBX/msggetp.php on line 2]
17-Dec-2018 12:31:07.310 警告 [3682] org.apache.catalina.servlets.CGIServlet$CGIRunner.sendToLog Received [1] lines on stderr
17-Dec-2018 12:31:12.272 警告 [Thread-3596] org.apache.catalina.servlets.CGIServlet$CGIRunner.sendToLog stderr line: [PHP Warning:  mysql_connect(): Headers and client library minor version mismatch. Headers:50556 Library:50637 in /data/wwwroot/xiaodou_web/WEBX/msggetp.php on line 2]
17-Dec-2018 12:31:12.276 警告 [3683] org.apache.catalina.servlets.CGIServlet$CGIRunner.sendToLog Received [1] lines on stderr
17-Dec-2018 12:31:17.272 警告 [Thread-3597] org.apache.catalina.servlets.CGIServlet$CGIRunner.sendToLog stderr line: [PHP Warning:  mysql_connect(): Headers and client library minor version mismatch. Headers:50556 Library:50637 in /data/wwwroot/xiaodou_web/WEBX/msggetp.php on line 2]
17-Dec-2018 12:31:17.276 警告 [3684] org.apache.catalina.servlets.CGIServlet$CGIRunner.sendToLog Received [1] lines on stderr
17-Dec-2018 12:31:22.271 警告 [Thread-3598] org.apache.catalina.servlets.CGIServlet$CGIRunner.sendToLog stderr line: [PHP Warning:  mysql_connect(): Headers and client library minor version mismatch. Headers:50556 Library:50637 in /data/wwwroot/xiaodou_web/WEBX/msggetp.php on line 2]
17-Dec-2018 12:31:22.275 警告 [3685] org.apache.catalina.servlets.CGIServlet$CGIRunner.sendToLog Received [1] lines on stderr
17-Dec-2018 12:31:27.271 警告 [Thread-3599] org.apache.catalina.servlets.CGIServlet$CGIRunner.sendToLog stderr line: [PHP Warning:  mysql_connect(): Headers and client library minor version mismatch. Headers:50556 Library:50637 in /data/wwwroot/xiaodou_web/WEBX/msggetp.php on line 2]
17-Dec-2018 12:31:27.275 警告 [3686] org.apache.catalina.servlets.CGIServlet$CGIRunner.sendToLog Received [1] lines on stderr
17-Dec-2018 12:31:32.272 警告 [Thread-3600] org.apache.catalina.servlets.CGIServlet$CGIRunner.sendToLog stderr line: [PHP Warning:  mysql_connect(): Headers and client library minor version mismatch. Headers:50556 Library:50637 in /data/wwwroot/xiaodou_web/WEBX/msggetp.php on line 2]
17-Dec-2018 12:31:32.276 警告 [3687] org.apache.catalina.servlets.CGIServlet$CGIRunner.sendToLog Received [1] lines on stderr
17-Dec-2018 12:31:37.271 警告 [Thread-3601] org.apache.catalina.servlets.CGIServlet$CGIRunner.sendToLog stderr line: [PHP Warning:  mysql_connect(): Headers and client library minor version mismatch. Headers:50556 Library:50637 in /data/wwwroot/xiaodou_web/WEBX/msggetp.php on line 2]
17-Dec-2018 12:31:37.274 警告 [3688] org.apache.catalina.servlets.CGIServlet$CGIRunner.sendToLog Received [1] lines on stderr
17-Dec-2018 12:31:42.274 警告 [Thread-3602] org.apache.catalina.servlets.CGIServlet$CGIRunner.sendToLog stderr line: [PHP Warning:  mysql_connect(): Headers and client library minor version mismatch. Headers:50556 Library:50637 in /data/wwwroot/xiaodou_web/WEBX/msggetp.php on line 2]
17-Dec-2018 12:31:42.278 警告 [3689] org.apache.catalina.servlets.CGIServlet$CGIRunner.sendToLog Received [1] lines on stderr
17-Dec-2018 12:31:47.270 警告 [Thread-3603] org.apache.catalina.servlets.CGIServlet$CGIRunner.sendToLog stderr line: [PHP Warning:  mysql_connect(): Headers and client library minor version mismatch. Headers:50556 Library:50637 in /data/wwwroot/xiaodou_web/WEBX/msggetp.php on line 2]
17-Dec-2018 12:31:47.274 警告 [3690] org.apache.catalina.servlets.CGIServlet$CGIRunner.sendToLog Received [1] lines on stderr
17-Dec-2018 12:31:52.271 警告 [Thread-3604] org.apache.catalina.servlets.CGIServlet$CGIRunner.sendToLog stderr line: [PHP Warning:  mysql_connect(): Headers and client library minor version mismatch. Headers:50556 Library:50637 in /data/wwwroot/xiaodou_web/WEBX/msggetp.php on line 2]
17-Dec-2018 12:31:52.274 警告 [3691] org.apache.catalina.servlets.CGIServlet$CGIRunner.sendToLog Received [1] lines on stderr
17-Dec-2018 12:31:57.271 警告 [Thread-3605] org.apache.catalina.servlets.CGIServlet$CGIRunner.sendToLog stderr line: [PHP Warning:  mysql_connect(): Headers and client library minor version mismatch. Headers:50556 Library:50637 in /data/wwwroot/xiaodou_web/WEBX/msggetp.php on line 2]
17-Dec-2018 12:31:57.275 警告 [3692] org.apache.catalina.servlets.CGIServlet$CGIRunner.sendToLog Received [1] lines on stderr
17-Dec-2018 12:32:02.270 警告 [Thread-3606] org.apache.catalina.servlets.CGIServlet$CGIRunner.sendToLog stderr line: [PHP Warning:  mysql_connect(): Headers and client library minor version mismatch. Headers:50556 Library:50637 in /data/wwwroot/xiaodou_web/WEBX/msggetp.php on line 2]
17-Dec-2018 12:32:02.274 警告 [3693] org.apache.catalina.servlets.CGIServlet$CGIRunner.sendToLog Received [1] lines on stderr
17-Dec-2018 12:32:07.270 警告 [Thread-3607] org.apache.catalina.servlets.CGIServlet$CGIRunner.sendToLog stderr line: [PHP Warning:  mysql_connect(): Headers and client library minor version mismatch. Headers:50556 Library:50637 in /data/wwwroot/xiaodou_web/WEBX/msggetp.php on line 2]
17-Dec-2018 12:32:07.274 警告 [3694] org.apache.catalina.servlets.CGIServlet$CGIRunner.sendToLog Received [1] lines on stderr
17-Dec-2018 12:32:12.271 警告 [Thread-3608] org.apache.catalina.servlets.CGIServlet$CGIRunner.sendToLog stderr line: [PHP Warning:  mysql_connect(): Headers and client library minor version mismatch. Headers:50556 Library:50637 in /data/wwwroot/xiaodou_web/WEBX/msggetp.php on line 2]
17-Dec-2018 12:32:12.275 警告 [3695] org.apache.catalina.servlets.CGIServlet$CGIRunner.sendToLog Received [1] lines on stderr
17-Dec-2018 12:32:17.270 警告 [Thread-3609] org.apache.catalina.servlets.CGIServlet$CGIRunner.sendToLog stderr line: [PHP Warning:  mysql_connect(): Headers and client library minor version mismatch. Headers:50556 Library:50637 in /data/wwwroot/xiaodou_web/WEBX/msggetp.php on line 2]
17-Dec-2018 12:32:17.274 警告 [3696] org.apache.catalina.servlets.CGIServlet$CGIRunner.sendToLog Received [1] lines on stderr
17-Dec-2018 12:32:22.270 警告 [Thread-3610] org.apache.catalina.servlets.CGIServlet$CGIRunner.sendToLog stderr line: [PHP Warning:  mysql_connect(): Headers and client library minor version mismatch. Headers:50556 Library:50637 in /data/wwwroot/xiaodou_web/WEBX/msggetp.php on line 2]
17-Dec-2018 12:32:22.274 警告 [3697] org.apache.catalina.servlets.CGIServlet$CGIRunner.sendToLog Received [1] lines on stderr
17-Dec-2018 12:32:27.271 警告 [Thread-3611] org.apache.catalina.servlets.CGIServlet$CGIRunner.sendToLog stderr line: [PHP Warning:  mysql_connect(): Headers and client library minor version mismatch. Headers:50556 Library:50637 in /data/wwwroot/xiaodou_web/WEBX/msggetp.php on line 2]
17-Dec-2018 12:32:27.275 警告 [3698] org.apache.catalina.servlets.CGIServlet$CGIRunner.sendToLog Received [1] lines on stderr
17-Dec-2018 12:32:32.271 警告 [Thread-3612] org.apache.catalina.servlets.CGIServlet$CGIRunner.sendToLog stderr line: [PHP Warning:  mysql_connect(): Headers and client library minor version mismatch. Headers:50556 Library:50637 in /data/wwwroot/xiaodou_web/WEBX/msggetp.php on line 2]
17-Dec-2018 12:32:32.275 警告 [3699] org.apache.catalina.servlets.CGIServlet$CGIRunner.sendToLog Received [1] lines on stderr
17-Dec-2018 12:32:37.273 警告 [Thread-3613] org.apache.catalina.servlets.CGIServlet$CGIRunner.sendToLog stderr line: [PHP Warning:  mysql_connect(): Headers and client library minor version mismatch. Headers:50556 Library:50637 in /data/wwwroot/xiaodou_web/WEBX/msggetp.php on line 2]
17-Dec-2018 12:32:37.277 警告 [3700] org.apache.catalina.servlets.CGIServlet$CGIRunner.sendToLog Received [1] lines on stderr
17-Dec-2018 12:32:42.269 警告 [Thread-3614] org.apache.catalina.servlets.CGIServlet$CGIRunner.sendToLog stderr line: [PHP Warning:  mysql_connect(): Headers and client library minor version mismatch. Headers:50556 Library:50637 in /data/wwwroot/xiaodou_web/WEBX/msggetp.php on line 2]
17-Dec-2018 12:32:42.273 警告 [3701] org.apache.catalina.servlets.CGIServlet$CGIRunner.sendToLog Received [1] lines on stderr
17-Dec-2018 12:32:47.269 警告 [Thread-3615] org.apache.catalina.servlets.CGIServlet$CGIRunner.sendToLog stderr line: [PHP Warning:  mysql_connect(): Headers and client library minor version mismatch. Headers:50556 Library:50637 in /data/wwwroot/xiaodou_web/WEBX/msggetp.php on line 2]
17-Dec-2018 12:32:47.273 警告 [3702] org.apache.catalina.servlets.CGIServlet$CGIRunner.sendToLog Received [1] lines on stderr
17-Dec-2018 12:32:52.269 警告 [Thread-3616] org.apache.catalina.servlets.CGIServlet$CGIRunner.sendToLog stderr line: [PHP Warning:  mysql_connect(): Headers and client library minor version mismatch. Headers:50556 Library:50637 in /data/wwwroot/xiaodou_web/WEBX/msggetp.php on line 2]
17-Dec-2018 12:32:52.273 警告 [3703] org.apache.catalina.servlets.CGIServlet$CGIRunner.sendToLog Received [1] lines on stderr
17-Dec-2018 12:32:57.269 警告 [Thread-3617] org.apache.catalina.servlets.CGIServlet$CGIRunner.sendToLog stderr line: [PHP Warning:  mysql_connect(): Headers and client library minor version mismatch. Headers:50556 Library:50637 in /data/wwwroot/xiaodou_web/WEBX/msggetp.php on line 2]
17-Dec-2018 12:32:57.273 警告 [3704] org.apache.catalina.servlets.CGIServlet$CGIRunner.sendToLog Received [1] lines on stderr
17-Dec-2018 12:33:02.267 警告 [Thread-3618] org.apache.catalina.servlets.CGIServlet$CGIRunner.sendToLog stderr line: [PHP Warning:  mysql_connect(): Headers and client library minor version mismatch. Headers:50556 Library:50637 in /data/wwwroot/xiaodou_web/WEBX/msggetp.php on line 2]
17-Dec-2018 12:33:02.271 警告 [3705] org.apache.catalina.servlets.CGIServlet$CGIRunner.sendToLog Received [1] lines on stderr
17-Dec-2018 12:33:07.269 警告 [Thread-3619] org.apache.catalina.servlets.CGIServlet$CGIRunner.sendToLog stderr line: [PHP Warning:  mysql_connect(): Headers and client library minor version mismatch. Headers:50556 Library:50637 in /data/wwwroot/xiaodou_web/WEBX/msggetp.php on line 2]
17-Dec-2018 12:33:07.273 警告 [3706] org.apache.catalina.servlets.CGIServlet$CGIRunner.sendToLog Received [1] lines on stderr
17-Dec-2018 12:33:12.269 警告 [Thread-3620] org.apache.catalina.servlets.CGIServlet$CGIRunner.sendToLog stderr line: [PHP Warning:  mysql_connect(): Headers and client library minor version mismatch. Headers:50556 Library:50637 in /data/wwwroot/xiaodou_web/WEBX/msggetp.php on line 2]
17-Dec-2018 12:33:12.272 警告 [3707] org.apache.catalina.servlets.CGIServlet$CGIRunner.sendToLog Received [1] lines on stderr
17-Dec-2018 12:33:17.270 警告 [Thread-3621] org.apache.catalina.servlets.CGIServlet$CGIRunner.sendToLog stderr line: [PHP Warning:  mysql_connect(): Headers and client library minor version mismatch. Headers:50556 Library:50637 in /data/wwwroot/xiaodou_web/WEBX/msggetp.php on line 2]
17-Dec-2018 12:33:17.274 警告 [3708] org.apache.catalina.servlets.CGIServlet$CGIRunner.sendToLog Received [1] lines on stderr
17-Dec-2018 12:33:22.270 警告 [Thread-3622] org.apache.catalina.servlets.CGIServlet$CGIRunner.sendToLog stderr line: [PHP Warning:  mysql_connect(): Headers and client library minor version mismatch. Headers:50556 Library:50637 in /data/wwwroot/xiaodou_web/WEBX/msggetp.php on line 2]
17-Dec-2018 12:33:22.274 警告 [3709] org.apache.catalina.servlets.CGIServlet$CGIRunner.sendToLog Received [1] lines on stderr
17-Dec-2018 12:33:27.269 警告 [Thread-3623] org.apache.catalina.servlets.CGIServlet$CGIRunner.sendToLog stderr line: [PHP Warning:  mysql_connect(): Headers and client library minor version mismatch. Headers:50556 Library:50637 in /data/wwwroot/xiaodou_web/WEBX/msggetp.php on line 2]
17-Dec-2018 12:33:27.273 警告 [3710] org.apache.catalina.servlets.CGIServlet$CGIRunner.sendToLog Received [1] lines on stderr
17-Dec-2018 12:33:32.269 警告 [Thread-3624] org.apache.catalina.servlets.CGIServlet$CGIRunner.sendToLog stderr line: [PHP Warning:  mysql_connect(): Headers and client library minor version mismatch. Headers:50556 Library:50637 in /data/wwwroot/xiaodou_web/WEBX/msggetp.php on line 2]
17-Dec-2018 12:33:32.273 警告 [3711] org.apache.catalina.servlets.CGIServlet$CGIRunner.sendToLog Received [1] lines on stderr
17-Dec-2018 12:33:37.270 警告 [Thread-3625] org.apache.catalina.servlets.CGIServlet$CGIRunner.sendToLog stderr line: [PHP Warning:  mysql_connect(): Headers and client library minor version mismatch. Headers:50556 Library:50637 in /data/wwwroot/xiaodou_web/WEBX/msggetp.php on line 2]
17-Dec-2018 12:33:37.273 警告 [3712] org.apache.catalina.servlets.CGIServlet$CGIRunner.sendToLog Received [1] lines on stderr
17-Dec-2018 12:33:42.269 警告 [Thread-3626] org.apache.catalina.servlets.CGIServlet$CGIRunner.sendToLog stderr line: [PHP Warning:  mysql_connect(): Headers and client library minor version mismatch. Headers:50556 Library:50637 in /data/wwwroot/xiaodou_web/WEBX/msggetp.php on line 2]
17-Dec-2018 12:33:42.273 警告 [3713] org.apache.catalina.servlets.CGIServlet$CGIRunner.sendToLog Received [1] lines on stderr
17-Dec-2018 12:33:47.268 警告 [Thread-3627] org.apache.catalina.servlets.CGIServlet$CGIRunner.sendToLog stderr line: [PHP Warning:  mysql_connect(): Headers and client library minor version mismatch. Headers:50556 Library:50637 in /data/wwwroot/xiaodou_web/WEBX/msggetp.php on line 2]
17-Dec-2018 12:33:47.272 警告 [3714] org.apache.catalina.servlets.CGIServlet$CGIRunner.sendToLog Received [1] lines on stderr
17-Dec-2018 12:33:52.268 警告 [Thread-3628] org.apache.catalina.servlets.CGIServlet$CGIRunner.sendToLog stderr line: [PHP Warning:  mysql_connect(): Headers and client library minor version mismatch. Headers:50556 Library:50637 in /data/wwwroot/xiaodou_web/WEBX/msggetp.php on line 2]
17-Dec-2018 12:33:52.272 警告 [3715] org.apache.catalina.servlets.CGIServlet$CGIRunner.sendToLog Received [1] lines on stderr
17-Dec-2018 12:33:57.269 警告 [Thread-3629] org.apache.catalina.servlets.CGIServlet$CGIRunner.sendToLog stderr line: [PHP Warning:  mysql_connect(): Headers and client library minor version mismatch. Headers:50556 Library:50637 in /data/wwwroot/xiaodou_web/WEBX/msggetp.php on line 2]
17-Dec-2018 12:33:57.273 警告 [3716] org.apache.catalina.servlets.CGIServlet$CGIRunner.sendToLog Received [1] lines on stderr
17-Dec-2018 12:34:02.269 警告 [Thread-3630] org.apache.catalina.servlets.CGIServlet$CGIRunner.sendToLog stderr line: [PHP Warning:  mysql_connect(): Headers and client library minor version mismatch. Headers:50556 Library:50637 in /data/wwwroot/xiaodou_web/WEBX/msggetp.php on line 2]
17-Dec-2018 12:34:02.273 警告 [3717] org.apache.catalina.servlets.CGIServlet$CGIRunner.sendToLog Received [1] lines on stderr
17-Dec-2018 12:34:07.268 警告 [Thread-3631] org.apache.catalina.servlets.CGIServlet$CGIRunner.sendToLog stderr line: [PHP Warning:  mysql_connect(): Headers and client library minor version mismatch. Headers:50556 Library:50637 in /data/wwwroot/xiaodou_web/WEBX/msggetp.php on line 2]
17-Dec-2018 12:34:07.271 警告 [3718] org.apache.catalina.servlets.CGIServlet$CGIRunner.sendToLog Received [1] lines on stderr
17-Dec-2018 12:34:12.267 警告 [Thread-3632] org.apache.catalina.servlets.CGIServlet$CGIRunner.sendToLog stderr line: [PHP Warning:  mysql_connect(): Headers and client library minor version mismatch. Headers:50556 Library:50637 in /data/wwwroot/xiaodou_web/WEBX/msggetp.php on line 2]
17-Dec-2018 12:34:12.271 警告 [3719] org.apache.catalina.servlets.CGIServlet$CGIRunner.sendToLog Received [1] lines on stderr
17-Dec-2018 12:34:17.268 警告 [Thread-3633] org.apache.catalina.servlets.CGIServlet$CGIRunner.sendToLog stderr line: [PHP Warning:  mysql_connect(): Headers and client library minor version mismatch. Headers:50556 Library:50637 in /data/wwwroot/xiaodou_web/WEBX/msggetp.php on line 2]
17-Dec-2018 12:34:17.272 警告 [3720] org.apache.catalina.servlets.CGIServlet$CGIRunner.sendToLog Received [1] lines on stderr
17-Dec-2018 12:34:22.267 警告 [Thread-3634] org.apache.catalina.servlets.CGIServlet$CGIRunner.sendToLog stderr line: [PHP Warning:  mysql_connect(): Headers and client library minor version mismatch. Headers:50556 Library:50637 in /data/wwwroot/xiaodou_web/WEBX/msggetp.php on line 2]
17-Dec-2018 12:34:22.271 警告 [3721] org.apache.catalina.servlets.CGIServlet$CGIRunner.sendToLog Received [1] lines on stderr
17-Dec-2018 12:34:27.268 警告 [Thread-3635] org.apache.catalina.servlets.CGIServlet$CGIRunner.sendToLog stderr line: [PHP Warning:  mysql_connect(): Headers and client library minor version mismatch. Headers:50556 Library:50637 in /data/wwwroot/xiaodou_web/WEBX/msggetp.php on line 2]
17-Dec-2018 12:34:27.271 警告 [3722] org.apache.catalina.servlets.CGIServlet$CGIRunner.sendToLog Received [1] lines on stderr
17-Dec-2018 12:34:32.269 警告 [Thread-3636] org.apache.catalina.servlets.CGIServlet$CGIRunner.sendToLog stderr line: [PHP Warning:  mysql_connect(): Headers and client library minor version mismatch. Headers:50556 Library:50637 in /data/wwwroot/xiaodou_web/WEBX/msggetp.php on line 2]
17-Dec-2018 12:34:32.273 警告 [3723] org.apache.catalina.servlets.CGIServlet$CGIRunner.sendToLog Received [1] lines on stderr
17-Dec-2018 12:34:37.267 警告 [Thread-3637] org.apache.catalina.servlets.CGIServlet$CGIRunner.sendToLog stderr line: [PHP Warning:  mysql_connect(): Headers and client library minor version mismatch. Headers:50556 Library:50637 in /data/wwwroot/xiaodou_web/WEBX/msggetp.php on line 2]
17-Dec-2018 12:34:37.271 警告 [3724] org.apache.catalina.servlets.CGIServlet$CGIRunner.sendToLog Received [1] lines on stderr
17-Dec-2018 12:34:42.267 警告 [Thread-3638] org.apache.catalina.servlets.CGIServlet$CGIRunner.sendToLog stderr line: [PHP Warning:  mysql_connect(): Headers and client library minor version mismatch. Headers:50556 Library:50637 in /data/wwwroot/xiaodou_web/WEBX/msggetp.php on line 2]
17-Dec-2018 12:34:42.271 警告 [3725] org.apache.catalina.servlets.CGIServlet$CGIRunner.sendToLog Received [1] lines on stderr
17-Dec-2018 12:34:47.268 警告 [Thread-3639] org.apache.catalina.servlets.CGIServlet$CGIRunner.sendToLog stderr line: [PHP Warning:  mysql_connect(): Headers and client library minor version mismatch. Headers:50556 Library:50637 in /data/wwwroot/xiaodou_web/WEBX/msggetp.php on line 2]
17-Dec-2018 12:34:47.272 警告 [3726] org.apache.catalina.servlets.CGIServlet$CGIRunner.sendToLog Received [1] lines on stderr
17-Dec-2018 12:34:52.266 警告 [Thread-3640] org.apache.catalina.servlets.CGIServlet$CGIRunner.sendToLog stderr line: [PHP Warning:  mysql_connect(): Headers and client library minor version mismatch. Headers:50556 Library:50637 in /data/wwwroot/xiaodou_web/WEBX/msggetp.php on line 2]
17-Dec-2018 12:34:52.270 警告 [3727] org.apache.catalina.servlets.CGIServlet$CGIRunner.sendToLog Received [1] lines on stderr
17-Dec-2018 12:34:57.267 警告 [Thread-3641] org.apache.catalina.servlets.CGIServlet$CGIRunner.sendToLog stderr line: [PHP Warning:  mysql_connect(): Headers and client library minor version mismatch. Headers:50556 Library:50637 in /data/wwwroot/xiaodou_web/WEBX/msggetp.php on line 2]
17-Dec-2018 12:34:57.271 警告 [3728] org.apache.catalina.servlets.CGIServlet$CGIRunner.sendToLog Received [1] lines on stderr
17-Dec-2018 12:35:02.274 警告 [Thread-3642] org.apache.catalina.servlets.CGIServlet$CGIRunner.sendToLog stderr line: [PHP Warning:  mysql_connect(): Headers and client library minor version mismatch. Headers:50556 Library:50637 in /data/wwwroot/xiaodou_web/WEBX/msggetp.php on line 2]
17-Dec-2018 12:35:02.278 警告 [3729] org.apache.catalina.servlets.CGIServlet$CGIRunner.sendToLog Received [1] lines on stderr
17-Dec-2018 12:35:07.266 警告 [Thread-3643] org.apache.catalina.servlets.CGIServlet$CGIRunner.sendToLog stderr line: [PHP Warning:  mysql_connect(): Headers and client library minor version mismatch. Headers:50556 Library:50637 in /data/wwwroot/xiaodou_web/WEBX/msggetp.php on line 2]
17-Dec-2018 12:35:07.270 警告 [3730] org.apache.catalina.servlets.CGIServlet$CGIRunner.sendToLog Received [1] lines on stderr
17-Dec-2018 12:35:12.266 警告 [Thread-3644] org.apache.catalina.servlets.CGIServlet$CGIRunner.sendToLog stderr line: [PHP Warning:  mysql_connect(): Headers and client library minor version mismatch. Headers:50556 Library:50637 in /data/wwwroot/xiaodou_web/WEBX/msggetp.php on line 2]
17-Dec-2018 12:35:12.270 警告 [3731] org.apache.catalina.servlets.CGIServlet$CGIRunner.sendToLog Received [1] lines on stderr
17-Dec-2018 12:35:17.266 警告 [Thread-3645] org.apache.catalina.servlets.CGIServlet$CGIRunner.sendToLog stderr line: [PHP Warning:  mysql_connect(): Headers and client library minor version mismatch. Headers:50556 Library:50637 in /data/wwwroot/xiaodou_web/WEBX/msggetp.php on line 2]
17-Dec-2018 12:35:17.270 警告 [3732] org.apache.catalina.servlets.CGIServlet$CGIRunner.sendToLog Received [1] lines on stderr
17-Dec-2018 12:35:22.268 警告 [Thread-3646] org.apache.catalina.servlets.CGIServlet$CGIRunner.sendToLog stderr line: [PHP Warning:  mysql_connect(): Headers and client library minor version mismatch. Headers:50556 Library:50637 in /data/wwwroot/xiaodou_web/WEBX/msggetp.php on line 2]
17-Dec-2018 12:35:22.272 警告 [3733] org.apache.catalina.servlets.CGIServlet$CGIRunner.sendToLog Received [1] lines on stderr
17-Dec-2018 12:35:27.266 警告 [Thread-3647] org.apache.catalina.servlets.CGIServlet$CGIRunner.sendToLog stderr line: [PHP Warning:  mysql_connect(): Headers and client library minor version mismatch. Headers:50556 Library:50637 in /data/wwwroot/xiaodou_web/WEBX/msggetp.php on line 2]
17-Dec-2018 12:35:27.270 警告 [3734] org.apache.catalina.servlets.CGIServlet$CGIRunner.sendToLog Received [1] lines on stderr
17-Dec-2018 12:35:32.266 警告 [Thread-3648] org.apache.catalina.servlets.CGIServlet$CGIRunner.sendToLog stderr line: [PHP Warning:  mysql_connect(): Headers and client library minor version mismatch. Headers:50556 Library:50637 in /data/wwwroot/xiaodou_web/WEBX/msggetp.php on line 2]
17-Dec-2018 12:35:32.269 警告 [3735] org.apache.catalina.servlets.CGIServlet$CGIRunner.sendToLog Received [1] lines on stderr
17-Dec-2018 12:35:37.266 警告 [Thread-3649] org.apache.catalina.servlets.CGIServlet$CGIRunner.sendToLog stderr line: [PHP Warning:  mysql_connect(): Headers and client library minor version mismatch. Headers:50556 Library:50637 in /data/wwwroot/xiaodou_web/WEBX/msggetp.php on line 2]
17-Dec-2018 12:35:37.270 警告 [3736] org.apache.catalina.servlets.CGIServlet$CGIRunner.sendToLog Received [1] lines on stderr
17-Dec-2018 12:35:42.266 警告 [Thread-3650] org.apache.catalina.servlets.CGIServlet$CGIRunner.sendToLog stderr line: [PHP Warning:  mysql_connect(): Headers and client library minor version mismatch. Headers:50556 Library:50637 in /data/wwwroot/xiaodou_web/WEBX/msggetp.php on line 2]
17-Dec-2018 12:35:42.270 警告 [3737] org.apache.catalina.servlets.CGIServlet$CGIRunner.sendToLog Received [1] lines on stderr
17-Dec-2018 12:35:47.266 警告 [Thread-3651] org.apache.catalina.servlets.CGIServlet$CGIRunner.sendToLog stderr line: [PHP Warning:  mysql_connect(): Headers and client library minor version mismatch. Headers:50556 Library:50637 in /data/wwwroot/xiaodou_web/WEBX/msggetp.php on line 2]
17-Dec-2018 12:35:47.271 警告 [3738] org.apache.catalina.servlets.CGIServlet$CGIRunner.sendToLog Received [1] lines on stderr
17-Dec-2018 12:35:52.275 警告 [Thread-3652] org.apache.catalina.servlets.CGIServlet$CGIRunner.sendToLog stderr line: [PHP Warning:  mysql_connect(): Headers and client library minor version mismatch. Headers:50556 Library:50637 in /data/wwwroot/xiaodou_web/WEBX/msggetp.php on line 2]
17-Dec-2018 12:35:52.281 警告 [3739] org.apache.catalina.servlets.CGIServlet$CGIRunner.sendToLog Received [1] lines on stderr
17-Dec-2018 12:35:57.357 警告 [Thread-3653] org.apache.catalina.servlets.CGIServlet$CGIRunner.sendToLog stderr line: [PHP Warning:  mysql_connect(): Headers and client library minor version mismatch. Headers:50556 Library:50637 in /data/wwwroot/xiaodou_web/WEBX/msggetp.php on line 2]
17-Dec-2018 12:35:57.361 警告 [3740] org.apache.catalina.servlets.CGIServlet$CGIRunner.sendToLog Received [1] lines on stderr
17-Dec-2018 12:36:02.270 警告 [Thread-3654] org.apache.catalina.servlets.CGIServlet$CGIRunner.sendToLog stderr line: [PHP Warning:  mysql_connect(): Headers and client library minor version mismatch. Headers:50556 Library:50637 in /data/wwwroot/xiaodou_web/WEBX/msggetp.php on line 2]
17-Dec-2018 12:36:02.274 警告 [3741] org.apache.catalina.servlets.CGIServlet$CGIRunner.sendToLog Received [1] lines on stderr
17-Dec-2018 12:36:07.265 警告 [Thread-3655] org.apache.catalina.servlets.CGIServlet$CGIRunner.sendToLog stderr line: [PHP Warning:  mysql_connect(): Headers and client library minor version mismatch. Headers:50556 Library:50637 in /data/wwwroot/xiaodou_web/WEBX/msggetp.php on line 2]
17-Dec-2018 12:36:07.269 警告 [3742] org.apache.catalina.servlets.CGIServlet$CGIRunner.sendToLog Received [1] lines on stderr
17-Dec-2018 12:36:12.264 警告 [Thread-3656] org.apache.catalina.servlets.CGIServlet$CGIRunner.sendToLog stderr line: [PHP Warning:  mysql_connect(): Headers and client library minor version mismatch. Headers:50556 Library:50637 in /data/wwwroot/xiaodou_web/WEBX/msggetp.php on line 2]
17-Dec-2018 12:36:12.268 警告 [3743] org.apache.catalina.servlets.CGIServlet$CGIRunner.sendToLog Received [1] lines on stderr
17-Dec-2018 12:36:17.264 警告 [Thread-3657] org.apache.catalina.servlets.CGIServlet$CGIRunner.sendToLog stderr line: [PHP Warning:  mysql_connect(): Headers and client library minor version mismatch. Headers:50556 Library:50637 in /data/wwwroot/xiaodou_web/WEBX/msggetp.php on line 2]
17-Dec-2018 12:36:17.269 警告 [3744] org.apache.catalina.servlets.CGIServlet$CGIRunner.sendToLog Received [1] lines on stderr
17-Dec-2018 12:36:22.265 警告 [Thread-3658] org.apache.catalina.servlets.CGIServlet$CGIRunner.sendToLog stderr line: [PHP Warning:  mysql_connect(): Headers and client library minor version mismatch. Headers:50556 Library:50637 in /data/wwwroot/xiaodou_web/WEBX/msggetp.php on line 2]
17-Dec-2018 12:36:22.269 警告 [3745] org.apache.catalina.servlets.CGIServlet$CGIRunner.sendToLog Received [1] lines on stderr
17-Dec-2018 12:36:27.266 警告 [Thread-3659] org.apache.catalina.servlets.CGIServlet$CGIRunner.sendToLog stderr line: [PHP Warning:  mysql_connect(): Headers and client library minor version mismatch. Headers:50556 Library:50637 in /data/wwwroot/xiaodou_web/WEBX/msggetp.php on line 2]
17-Dec-2018 12:36:27.271 警告 [3746] org.apache.catalina.servlets.CGIServlet$CGIRunner.sendToLog Received [1] lines on stderr
