09-Dec-2018 00:27:19.183 WARNING [Thread-22555] org.apache.catalina.servlets.CGIServlet$CGIRunner.sendToLog stderr line: [PHP Warning:  mysql_connect(): Headers and client library minor version mismatch. Headers:50556 Library:50637 in /data/wwwroot/xiaodou_web/WEBX/wechat/wtest.php on line 40]
09-Dec-2018 00:27:19.563 WARNING [22806] org.apache.catalina.servlets.CGIServlet$CGIRunner.sendToLog Received [1] lines on stderr
09-Dec-2018 01:58:19.869 WARNING [main] org.apache.catalina.core.StandardServer.await StandardServer.await: Invalid command '' received
09-Dec-2018 14:10:13.311 WARNING [22813] org.apache.catalina.servlets.CGIServlet$CGIRunner.sendToLog stderr line: [PHP Warning:  mysql_connect(): Headers and client library minor version mismatch. Headers:50556 Library:50637 in /data/wwwroot/xiaodou_web/WEBX/msggetp.php on line 2]
09-Dec-2018 14:10:13.311 WARNING [22813] org.apache.catalina.servlets.CGIServlet$CGIRunner.sendToLog Received [1] lines on stderr
09-Dec-2018 14:10:20.989 WARNING [Thread-22562] org.apache.catalina.servlets.CGIServlet$CGIRunner.sendToLog stderr line: [PHP Warning:  mysql_connect(): Headers and client library minor version mismatch. Headers:50556 Library:50637 in /data/wwwroot/xiaodou_web/WEBX/msggetp.php on line 2]
09-Dec-2018 14:10:20.993 WARNING [22814] org.apache.catalina.servlets.CGIServlet$CGIRunner.sendToLog Received [1] lines on stderr
09-Dec-2018 14:10:26.042 WARNING [Thread-22563] org.apache.catalina.servlets.CGIServlet$CGIRunner.sendToLog stderr line: [PHP Warning:  mysql_connect(): Headers and client library minor version mismatch. Headers:50556 Library:50637 in /data/wwwroot/xiaodou_web/WEBX/msggetp.php on line 2]
09-Dec-2018 14:10:26.045 WARNING [22815] org.apache.catalina.servlets.CGIServlet$CGIRunner.sendToLog Received [1] lines on stderr
09-Dec-2018 14:10:33.333 WARNING [Thread-22564] org.apache.catalina.servlets.CGIServlet$CGIRunner.sendToLog stderr line: [PHP Warning:  mysql_connect(): Headers and client library minor version mismatch. Headers:50556 Library:50637 in /data/wwwroot/xiaodou_web/WEBX/test.php on line 43]
09-Dec-2018 14:10:33.611 WARNING [22816] org.apache.catalina.servlets.CGIServlet$CGIRunner.sendToLog Received [1] lines on stderr
09-Dec-2018 14:11:53.464 WARNING [22818] org.apache.catalina.servlets.CGIServlet$CGIRunner.sendToLog stderr line: [PHP Warning:  mysql_connect(): Headers and client library minor version mismatch. Headers:50556 Library:50637 in /data/wwwroot/xiaodou_web/admin/js/msggetp.php on line 2]
09-Dec-2018 14:11:53.464 WARNING [22818] org.apache.catalina.servlets.CGIServlet$CGIRunner.sendToLog Received [1] lines on stderr
09-Dec-2018 14:11:58.470 WARNING [Thread-22566] org.apache.catalina.servlets.CGIServlet$CGIRunner.sendToLog stderr line: [PHP Warning:  mysql_connect(): Headers and client library minor version mismatch. Headers:50556 Library:50637 in /data/wwwroot/xiaodou_web/admin/js/msggetp.php on line 2]
09-Dec-2018 14:11:58.474 WARNING [22819] org.apache.catalina.servlets.CGIServlet$CGIRunner.sendToLog Received [1] lines on stderr
09-Dec-2018 14:12:03.461 WARNING [Thread-22567] org.apache.catalina.servlets.CGIServlet$CGIRunner.sendToLog stderr line: [PHP Warning:  mysql_connect(): Headers and client library minor version mismatch. Headers:50556 Library:50637 in /data/wwwroot/xiaodou_web/admin/js/msggetp.php on line 2]
09-Dec-2018 14:12:03.464 WARNING [22820] org.apache.catalina.servlets.CGIServlet$CGIRunner.sendToLog Received [1] lines on stderr
09-Dec-2018 14:12:08.455 WARNING [Thread-22568] org.apache.catalina.servlets.CGIServlet$CGIRunner.sendToLog stderr line: [PHP Warning:  mysql_connect(): Headers and client library minor version mismatch. Headers:50556 Library:50637 in /data/wwwroot/xiaodou_web/admin/js/msggetp.php on line 2]
09-Dec-2018 14:12:08.459 WARNING [22821] org.apache.catalina.servlets.CGIServlet$CGIRunner.sendToLog Received [1] lines on stderr
09-Dec-2018 14:12:13.461 WARNING [Thread-22569] org.apache.catalina.servlets.CGIServlet$CGIRunner.sendToLog stderr line: [PHP Warning:  mysql_connect(): Headers and client library minor version mismatch. Headers:50556 Library:50637 in /data/wwwroot/xiaodou_web/admin/js/msggetp.php on line 2]
09-Dec-2018 14:12:13.465 WARNING [22822] org.apache.catalina.servlets.CGIServlet$CGIRunner.sendToLog Received [1] lines on stderr
09-Dec-2018 14:12:18.471 WARNING [Thread-22570] org.apache.catalina.servlets.CGIServlet$CGIRunner.sendToLog stderr line: [PHP Warning:  mysql_connect(): Headers and client library minor version mismatch. Headers:50556 Library:50637 in /data/wwwroot/xiaodou_web/admin/js/msggetp.php on line 2]
09-Dec-2018 14:12:18.474 WARNING [22823] org.apache.catalina.servlets.CGIServlet$CGIRunner.sendToLog Received [1] lines on stderr
09-Dec-2018 14:12:23.455 WARNING [Thread-22571] org.apache.catalina.servlets.CGIServlet$CGIRunner.sendToLog stderr line: [PHP Warning:  mysql_connect(): Headers and client library minor version mismatch. Headers:50556 Library:50637 in /data/wwwroot/xiaodou_web/admin/js/msggetp.php on line 2]
09-Dec-2018 14:12:23.458 WARNING [22824] org.apache.catalina.servlets.CGIServlet$CGIRunner.sendToLog Received [1] lines on stderr
09-Dec-2018 14:12:28.471 WARNING [Thread-22572] org.apache.catalina.servlets.CGIServlet$CGIRunner.sendToLog stderr line: [PHP Warning:  mysql_connect(): Headers and client library minor version mismatch. Headers:50556 Library:50637 in /data/wwwroot/xiaodou_web/admin/js/msggetp.php on line 2]
09-Dec-2018 14:12:28.475 WARNING [22825] org.apache.catalina.servlets.CGIServlet$CGIRunner.sendToLog Received [1] lines on stderr
09-Dec-2018 14:12:33.470 WARNING [Thread-22573] org.apache.catalina.servlets.CGIServlet$CGIRunner.sendToLog stderr line: [PHP Warning:  mysql_connect(): Headers and client library minor version mismatch. Headers:50556 Library:50637 in /data/wwwroot/xiaodou_web/admin/js/msggetp.php on line 2]
09-Dec-2018 14:12:33.473 WARNING [22826] org.apache.catalina.servlets.CGIServlet$CGIRunner.sendToLog Received [1] lines on stderr
09-Dec-2018 14:12:35.470 WARNING [Thread-22574] org.apache.catalina.servlets.CGIServlet$CGIRunner.sendToLog stderr line: [PHP Warning:  mysql_connect(): Headers and client library minor version mismatch. Headers:50556 Library:50637 in /data/wwwroot/xiaodou_web/WEBX/msggetp.php on line 2]
09-Dec-2018 14:12:35.474 WARNING [22827] org.apache.catalina.servlets.CGIServlet$CGIRunner.sendToLog Received [1] lines on stderr
09-Dec-2018 14:12:38.480 WARNING [Thread-22575] org.apache.catalina.servlets.CGIServlet$CGIRunner.sendToLog stderr line: [PHP Warning:  mysql_connect(): Headers and client library minor version mismatch. Headers:50556 Library:50637 in /data/wwwroot/xiaodou_web/admin/js/msggetp.php on line 2]
09-Dec-2018 14:12:38.483 WARNING [22828] org.apache.catalina.servlets.CGIServlet$CGIRunner.sendToLog Received [1] lines on stderr
09-Dec-2018 14:12:40.480 WARNING [Thread-22576] org.apache.catalina.servlets.CGIServlet$CGIRunner.sendToLog stderr line: [PHP Warning:  mysql_connect(): Headers and client library minor version mismatch. Headers:50556 Library:50637 in /data/wwwroot/xiaodou_web/WEBX/msggetp.php on line 2]
09-Dec-2018 14:12:40.484 WARNING [22829] org.apache.catalina.servlets.CGIServlet$CGIRunner.sendToLog Received [1] lines on stderr
09-Dec-2018 14:12:43.481 WARNING [Thread-22577] org.apache.catalina.servlets.CGIServlet$CGIRunner.sendToLog stderr line: [PHP Warning:  mysql_connect(): Headers and client library minor version mismatch. Headers:50556 Library:50637 in /data/wwwroot/xiaodou_web/admin/js/msggetp.php on line 2]
09-Dec-2018 14:12:43.485 WARNING [22830] org.apache.catalina.servlets.CGIServlet$CGIRunner.sendToLog Received [1] lines on stderr
09-Dec-2018 14:12:45.480 WARNING [Thread-22578] org.apache.catalina.servlets.CGIServlet$CGIRunner.sendToLog stderr line: [PHP Warning:  mysql_connect(): Headers and client library minor version mismatch. Headers:50556 Library:50637 in /data/wwwroot/xiaodou_web/WEBX/msggetp.php on line 2]
09-Dec-2018 14:12:45.483 WARNING [22831] org.apache.catalina.servlets.CGIServlet$CGIRunner.sendToLog Received [1] lines on stderr
09-Dec-2018 14:12:50.480 WARNING [Thread-22579] org.apache.catalina.servlets.CGIServlet$CGIRunner.sendToLog stderr line: [PHP Warning:  mysql_connect(): Headers and client library minor version mismatch. Headers:50556 Library:50637 in /data/wwwroot/xiaodou_web/WEBX/msggetp.php on line 2]
09-Dec-2018 14:12:50.484 WARNING [22832] org.apache.catalina.servlets.CGIServlet$CGIRunner.sendToLog Received [1] lines on stderr
09-Dec-2018 14:12:55.461 WARNING [Thread-22584] org.apache.catalina.servlets.CGIServlet$CGIRunner.sendToLog stderr line: [PHP Warning:  mysql_connect(): Headers and client library minor version mismatch. Headers:50556 Library:50637 in /data/wwwroot/xiaodou_web/WEBX/msggetp.php on line 2]
09-Dec-2018 14:12:55.464 WARNING [22838] org.apache.catalina.servlets.CGIServlet$CGIRunner.sendToLog Received [1] lines on stderr
09-Dec-2018 14:12:59.801 WARNING [Thread-22585] org.apache.catalina.servlets.CGIServlet$CGIRunner.sendToLog stderr line: [PHP Warning:  mysql_connect(): Headers and client library minor version mismatch. Headers:50556 Library:50637 in /data/wwwroot/xiaodou_web/WEBX/msggetp.php on line 2]
09-Dec-2018 14:12:59.805 WARNING [22839] org.apache.catalina.servlets.CGIServlet$CGIRunner.sendToLog Received [1] lines on stderr
09-Dec-2018 14:13:04.791 WARNING [Thread-22586] org.apache.catalina.servlets.CGIServlet$CGIRunner.sendToLog stderr line: [PHP Warning:  mysql_connect(): Headers and client library minor version mismatch. Headers:50556 Library:50637 in /data/wwwroot/xiaodou_web/WEBX/msggetp.php on line 2]
09-Dec-2018 14:13:04.795 WARNING [22840] org.apache.catalina.servlets.CGIServlet$CGIRunner.sendToLog Received [1] lines on stderr
09-Dec-2018 14:13:09.801 WARNING [Thread-22587] org.apache.catalina.servlets.CGIServlet$CGIRunner.sendToLog stderr line: [PHP Warning:  mysql_connect(): Headers and client library minor version mismatch. Headers:50556 Library:50637 in /data/wwwroot/xiaodou_web/WEBX/msggetp.php on line 2]
09-Dec-2018 14:13:09.804 WARNING [22841] org.apache.catalina.servlets.CGIServlet$CGIRunner.sendToLog Received [1] lines on stderr
09-Dec-2018 14:13:14.801 WARNING [Thread-22588] org.apache.catalina.servlets.CGIServlet$CGIRunner.sendToLog stderr line: [PHP Warning:  mysql_connect(): Headers and client library minor version mismatch. Headers:50556 Library:50637 in /data/wwwroot/xiaodou_web/WEBX/msggetp.php on line 2]
09-Dec-2018 14:13:14.805 WARNING [22842] org.apache.catalina.servlets.CGIServlet$CGIRunner.sendToLog Received [1] lines on stderr
09-Dec-2018 14:47:55.543 INFO [https-jsse-nio-443-exec-30] org.apache.coyote.http11.Http11Processor.service Error parsing HTTP request header
 Note: further occurrences of HTTP header parsing errors will be logged at DEBUG level.
 java.lang.IllegalArgumentException: Invalid character found in the request target. The valid characters are defined in RFC 7230 and RFC 3986
	at org.apache.coyote.http11.Http11InputBuffer.parseRequestLine(Http11InputBuffer.java:479)
	at org.apache.coyote.http11.Http11Processor.service(Http11Processor.java:684)
	at org.apache.coyote.AbstractProcessorLight.process(AbstractProcessorLight.java:66)
	at org.apache.coyote.AbstractProtocol$ConnectionHandler.process(AbstractProtocol.java:806)
	at org.apache.tomcat.util.net.NioEndpoint$SocketProcessor.doRun(NioEndpoint.java:1498)
	at org.apache.tomcat.util.net.SocketProcessorBase.run(SocketProcessorBase.java:49)
	at java.util.concurrent.ThreadPoolExecutor.runWorker(ThreadPoolExecutor.java:1149)
	at java.util.concurrent.ThreadPoolExecutor$Worker.run(ThreadPoolExecutor.java:624)
	at org.apache.tomcat.util.threads.TaskThread$WrappingRunnable.run(TaskThread.java:61)
	at java.lang.Thread.run(Thread.java:748)

